<?xml version="1.0" encoding="UTF-8"?>
<!-- Generated by org.testng.reporters.JUnitReportReporter -->
<testsuite hostname="LAPTOP-D1U2IHPC" failures="0" tests="2" name="testng_basics.Working_With_Parallel_Exe_With_DiffData" time="18.488" errors="0" timestamp="2023-06-23T12:12:37 IST" skipped="0">
  <testcase classname="testng_basics.Working_With_Parallel_Exe_With_DiffData" name="login" time="9.240"/>
  <system-out/>
  <testcase classname="testng_basics.Working_With_Parallel_Exe_With_DiffData" name="login" time="9.248"/>
  <system-out/>
</testsuite> <!-- testng_basics.Working_With_Parallel_Exe_With_DiffData -->
