<?xml version="1.0" encoding="UTF-8"?>
<!-- Generated by org.testng.reporters.JUnitReportReporter -->
<testsuite hostname="LAPTOP-D1U2IHPC" failures="0" tests="1" name="testng_basics.Include_Exclude" time="0.011" errors="0" timestamp="2023-06-01T11:56:56 IST" skipped="0">
  <testcase classname="testng_basics.Include_Exclude" name="Register" time="0.011"/>
  <system-out/>
</testsuite> <!-- testng_basics.Include_Exclude -->
