<?xml version="1.0" encoding="UTF-8"?>
<!-- Generated by org.testng.reporters.JUnitReportReporter -->
<testsuite hostname="LAPTOP-D1U2IHPC" failures="0" tests="2" name="testng_basics.Groups" time="0.002" errors="0" timestamp="2023-06-01T12:09:32 IST" skipped="0">
  <testcase classname="testng_basics.Groups" name="Login" time="0.001"/>
  <system-out/>
  <testcase classname="testng_basics.Groups" name="Register" time="0.001"/>
  <system-out/>
</testsuite> <!-- testng_basics.Groups -->
