<?xml version="1.0" encoding="UTF-8"?>
<!-- Generated by org.testng.reporters.JUnitReportReporter -->
<testsuite hostname="LAPTOP-D1U2IHPC" failures="0" tests="10" name="Testng_testcases.HelperAttributes_ThreadPool_InvocationCount" time="121.616" errors="0" timestamp="2023-06-01T11:02:41 IST" skipped="0">
  <testcase classname="Testng_testcases.HelperAttributes_ThreadPool_InvocationCount" name="DWS" time="15.080"/>
  <system-out/>
  <testcase classname="Testng_testcases.HelperAttributes_ThreadPool_InvocationCount" name="DWS" time="15.065"/>
  <system-out/>
  <testcase classname="Testng_testcases.HelperAttributes_ThreadPool_InvocationCount" name="DWS" time="10.022"/>
  <system-out/>
  <testcase classname="Testng_testcases.HelperAttributes_ThreadPool_InvocationCount" name="DWS" time="10.363"/>
  <system-out/>
  <testcase classname="Testng_testcases.HelperAttributes_ThreadPool_InvocationCount" name="DWS" time="14.683"/>
  <system-out/>
  <testcase classname="Testng_testcases.HelperAttributes_ThreadPool_InvocationCount" name="DWS" time="8.904"/>
  <system-out/>
  <testcase classname="Testng_testcases.HelperAttributes_ThreadPool_InvocationCount" name="DWS" time="15.051"/>
  <system-out/>
  <testcase classname="Testng_testcases.HelperAttributes_ThreadPool_InvocationCount" name="DWS" time="7.885"/>
  <system-out/>
  <testcase classname="Testng_testcases.HelperAttributes_ThreadPool_InvocationCount" name="DWS" time="14.881"/>
  <system-out/>
  <testcase classname="Testng_testcases.HelperAttributes_ThreadPool_InvocationCount" name="DWS" time="9.682"/>
  <system-out/>
</testsuite> <!-- Testng_testcases.HelperAttributes_ThreadPool_InvocationCount -->
