<?xml version="1.0" encoding="UTF-8"?>
<!-- Generated by org.testng.reporters.JUnitReportReporter -->
<testsuite hostname="LAPTOP-D1U2IHPC" failures="0" tests="3" name="Testng_testcases.HelperAttributes_Priority" time="0.014" errors="0" timestamp="2023-06-01T10:42:33 IST" skipped="0">
  <testcase classname="Testng_testcases.HelperAttributes_Priority" name="Register" time="0.012"/>
  <system-out/>
  <testcase classname="Testng_testcases.HelperAttributes_Priority" name="Login" time="0.001"/>
  <system-out/>
  <testcase classname="Testng_testcases.HelperAttributes_Priority" name="SearchTest" time="0.001"/>
  <system-out/>
</testsuite> <!-- Testng_testcases.HelperAttributes_Priority -->
