<?xml version="1.0" encoding="UTF-8"?>
<!-- Generated by org.testng.reporters.JUnitReportReporter -->
<testsuite hostname="LAPTOP-D1U2IHPC" failures="0" tests="1" name="Testng_testcases.DWS_Contact_Us" time="4.326" errors="0" timestamp="2023-06-05T12:43:47 IST" skipped="0">
  <testcase classname="Testng_testcases.DWS_Contact_Us" name="Contactus" time="4.326"/>
  <system-out/>
</testsuite> <!-- Testng_testcases.DWS_Contact_Us -->
