<?xml version="1.0" encoding="UTF-8"?>
<!-- Generated by org.testng.reporters.JUnitReportReporter -->
<testsuite hostname="LAPTOP-D1U2IHPC" failures="0" tests="7" name="Testng_testcases.HelperAttributes" time="0.022" errors="0" timestamp="2023-06-01T10:46:29 IST" skipped="0">
  <testcase classname="Testng_testcases.HelperAttributes" name="computers" time="0.002"/>
  <system-out/>
  <testcase classname="Testng_testcases.HelperAttributes" name="Books" time="0.001"/>
  <system-out/>
  <testcase classname="Testng_testcases.HelperAttributes" name="Electronics" time="0.001"/>
  <system-out/>
  <testcase classname="Testng_testcases.HelperAttributes" name="Computers" time="0.012"/>
  <system-out/>
  <testcase classname="Testng_testcases.HelperAttributes" name="Register" time="0.002"/>
  <system-out/>
  <testcase classname="Testng_testcases.HelperAttributes" name="Login" time="0.002"/>
  <system-out/>
  <testcase classname="Testng_testcases.HelperAttributes" name="SearchTest" time="0.002"/>
  <system-out/>
</testsuite> <!-- Testng_testcases.HelperAttributes -->
