<?xml version="1.0" encoding="UTF-8"?>
<!-- Generated by org.testng.reporters.JUnitReportReporter -->
<testsuite hostname="LAPTOP-D1U2IHPC" failures="0" tests="3" name="Testng_testcases.HelperAttributes_DependingonMethods" time="0.019" errors="0" timestamp="2023-06-01T10:45:41 IST" skipped="0">
  <testcase classname="Testng_testcases.HelperAttributes_DependingonMethods" name="Computers" time="0.001"/>
  <system-out/>
  <testcase classname="Testng_testcases.HelperAttributes_DependingonMethods" name="Books" time="0.017"/>
  <system-out/>
  <testcase classname="Testng_testcases.HelperAttributes_DependingonMethods" name="Electronics" time="0.001"/>
  <system-out/>
</testsuite> <!-- Testng_testcases.HelperAttributes_DependingonMethods -->
