<?xml version="1.0" encoding="UTF-8"?>
<!-- Generated by org.testng.reporters.JUnitReportReporter -->
<testsuite hostname="LAPTOP-D1U2IHPC" failures="0" tests="1" name="Testng_testcases.DWS_Login" time="4.493" errors="0" timestamp="2023-06-23T12:13:31 IST" skipped="0">
  <testcase classname="Testng_testcases.DWS_Login" name="Login" time="4.493"/>
  <system-out/>
</testsuite> <!-- Testng_testcases.DWS_Login -->
