<?xml version="1.0" encoding="UTF-8"?>
<!-- Generated by org.testng.reporters.JUnitReportReporter -->
<testsuite hostname="LAPTOP-D1U2IHPC" failures="0" tests="5" name="testng_basics.LoginTest_DataProvider_From_Excel" time="29.670" errors="0" timestamp="2023-06-09T12:53:37 IST" skipped="0">
  <testcase classname="testng_basics.LoginTest_DataProvider_From_Excel" name="LoginTest" time="6.230"/>
  <system-out/>
  <testcase classname="testng_basics.LoginTest_DataProvider_From_Excel" name="LoginTest" time="6.128"/>
  <system-out/>
  <testcase classname="testng_basics.LoginTest_DataProvider_From_Excel" name="LoginTest" time="5.479"/>
  <system-out/>
  <testcase classname="testng_basics.LoginTest_DataProvider_From_Excel" name="LoginTest" time="6.084"/>
  <system-out/>
  <testcase classname="testng_basics.LoginTest_DataProvider_From_Excel" name="LoginTest" time="5.749"/>
  <system-out/>
</testsuite> <!-- testng_basics.LoginTest_DataProvider_From_Excel -->
