<?xml version="1.0" encoding="UTF-8"?>
<!-- Generated by org.testng.reporters.JUnitReportReporter -->
<testsuite hostname="LAPTOP-D1U2IHPC" failures="0" tests="4" name="testng_basics.Working_With_Parallel_Exe" time="37.568" errors="0" timestamp="2023-06-23T11:57:19 IST" skipped="0">
  <testcase classname="testng_basics.Working_With_Parallel_Exe" name="login" time="14.077"/>
  <system-out/>
  <testcase classname="testng_basics.Working_With_Parallel_Exe" name="login" time="8.272"/>
  <system-out/>
  <testcase classname="testng_basics.Working_With_Parallel_Exe" name="login" time="6.726"/>
  <system-out/>
  <testcase classname="testng_basics.Working_With_Parallel_Exe" name="login" time="8.493"/>
  <system-out/>
</testsuite> <!-- testng_basics.Working_With_Parallel_Exe -->
