<?xml version="1.0" encoding="UTF-8"?>
<!-- Generated by org.testng.reporters.JUnitReportReporter -->
<testsuite hostname="LAPTOP-D1U2IHPC" failures="0" tests="1" name="qsp.Working_with_TestNG" time="0.008" errors="0" timestamp="2023-06-22T12:09:33 IST" skipped="0">
  <testcase classname="qsp.Working_with_TestNG" name="demo" time="0.008"/>
  <system-out/>
</testsuite> <!-- qsp.Working_with_TestNG -->
