<?xml version="1.0" encoding="UTF-8"?>
<!-- Generated by org.testng.reporters.JUnitReportReporter -->
<testsuite hostname="LAPTOP-D1U2IHPC" failures="0" tests="1" name="testng_basics.Working_With_SoftAssert" time="4.308" errors="0" timestamp="2023-06-12T11:35:59 IST" skipped="0">
  <testcase classname="testng_basics.Working_With_SoftAssert" name="SoftAssertPractice" time="4.308"/>
  <system-out/>
</testsuite> <!-- testng_basics.Working_With_SoftAssert -->
