<?xml version="1.0" encoding="UTF-8"?>
<!-- Generated by org.testng.reporters.JUnitReportReporter -->
<testsuite hostname="LAPTOP-D1U2IHPC" failures="0" tests="1" name="testng_basics.Groups1" time="0.014" errors="0" timestamp="2023-06-01T12:09:32 IST" skipped="0">
  <testcase classname="testng_basics.Groups1" name="Vote" time="0.014"/>
  <system-out/>
</testsuite> <!-- testng_basics.Groups1 -->
