<?xml version="1.0" encoding="UTF-8"?>
<!-- Generated by org.testng.reporters.JUnitReportReporter -->
<testsuite hostname="LAPTOP-D1U2IHPC" failures="0" tests="1" name="DataProvider.Login" time="7.837" errors="0" timestamp="2023-06-05T12:27:58 IST" skipped="0">
  <testcase classname="DataProvider.Login" name="login" time="7.837"/>
  <system-out/>
</testsuite> <!-- DataProvider.Login -->
