<?xml version="1.0" encoding="UTF-8"?>
<!-- Generated by org.testng.reporters.JUnitReportReporter -->
<testsuite hostname="LAPTOP-D1U2IHPC" failures="0" tests="3" name="testng_basics.Working_With_TestNG" time="0.014" errors="0" timestamp="2023-05-30T11:57:05 IST" skipped="0">
  <testcase classname="testng_basics.Working_With_TestNG" name="Demo1" time="0.001"/>
  <system-out/>
  <testcase classname="testng_basics.Working_With_TestNG" name="Demo" time="0.011"/>
  <system-out/>
  <testcase classname="testng_basics.Working_With_TestNG" name="Demo2" time="0.002"/>
  <system-out/>
</testsuite> <!-- testng_basics.Working_With_TestNG -->
