<?xml version="1.0" encoding="UTF-8"?>
<!-- Generated by org.testng.reporters.JUnitReportReporter -->
<testsuite hostname="LAPTOP-D1U2IHPC" failures="0" tests="2" name="ppt.TestNG" time="0.015" errors="0" timestamp="2023-06-21T09:40:32 IST" skipped="0">
  <testcase classname="ppt.TestNG" name="createCustomer" time="0.013"/>
  <system-out>
    <![CDATA[createCustomer]]>
  </system-out>
  <testcase classname="ppt.TestNG" name="demo" time="0.002"/>
  <system-out>
    <![CDATA[Hello
Bye
Byeee]]>
  </system-out>
</testsuite> <!-- ppt.TestNG -->
