<?xml version="1.0" encoding="UTF-8"?>
<!-- Generated by org.testng.reporters.JUnitReportReporter -->
<testsuite hostname="LAPTOP-D1U2IHPC" failures="0" tests="1" name="testng_basics.Working_With_Annotations" time="7.355" errors="0" timestamp="2023-06-01T16:53:04 IST" skipped="0">
  <testcase classname="testng_basics.Working_With_Annotations" name="Register" time="7.355"/>
  <system-out/>
</testsuite> <!-- testng_basics.Working_With_Annotations -->
