<?xml version="1.0" encoding="UTF-8"?>
<!-- Generated by org.testng.reporters.JUnitReportReporter -->
<testsuite hostname="LAPTOP-D1U2IHPC" failures="0" tests="4" name="testng_basics.Working_With_Data_Provider" time="61.360" errors="0" timestamp="2023-07-03T10:36:38 IST" skipped="0">
  <testcase classname="testng_basics.Working_With_Data_Provider" name="dataDemo" time="33.393"/>
  <system-out/>
  <testcase classname="testng_basics.Working_With_Data_Provider" name="dataDemo" time="9.176"/>
  <system-out/>
  <testcase classname="testng_basics.Working_With_Data_Provider" name="dataDemo" time="9.974"/>
  <system-out/>
  <testcase classname="testng_basics.Working_With_Data_Provider" name="dataDemo" time="8.817"/>
  <system-out/>
</testsuite> <!-- testng_basics.Working_With_Data_Provider -->
